Drill report for PD-LabSupply.kicad_pcb
Created on Wed 29 Nov 2023 04:30:23 PM CET

Copper Layer Stackup:
    =============================================================
    L1 :  F.Cu                      front
    L2 :  B.Cu                      back


Drill file 'PD-LabSupply-PTH.drl' contains
    plated through holes:
    =============================================================
    T1  0,200mm  0,0079"  (9 holes)
    T2  0,250mm  0,0098"  (37 holes)
    T3  0,300mm  0,0118"  (45 holes)
    T4  0,500mm  0,0197"  (13 holes)
    T5  0,600mm  0,0236"  (4 holes)  (with 4 slots)
    T6  0,800mm  0,0315"  (16 holes)
    T7  1,000mm  0,0394"  (17 holes)
    T8  1,020mm  0,0402"  (40 holes)
    T9  1,520mm  0,0598"  (2 holes)

    Total plated holes count 183


Drill file 'PD-LabSupply-NPTH.drl' contains
    unplated through holes:
    =============================================================
    T1  0,600mm  0,0236"  (2 holes)  (with 1 slot)
    T2  0,900mm  0,0354"  (4 holes)
    T3  2,500mm  0,0984"  (8 holes)

    Total unplated holes count 14
